Started GET "/" for 127.0.0.1 at 2023-10-18 13:14:03 -0300
Processing by PagesController#index as HTML
  Rendering layout layouts/application.html.erb
  Rendering pages/index.html.erb within layouts/application
  Rendered pages/index.html.erb within layouts/application (Duration: 1.8ms | Allocations: 465)
  Rendered layout layouts/application.html.erb (Duration: 318.8ms | Allocations: 99329)
Completed 200 OK in 332ms (Views: 324.9ms | ActiveRecord: 0.0ms | Allocations: 103131)


Started GET "/" for 127.0.0.1 at 2023-10-18 13:14:11 -0300
Processing by PagesController#index as HTML
  Rendering layout layouts/application.html.erb
  Rendering pages/index.html.erb within layouts/application
  Rendered pages/index.html.erb within layouts/application (Duration: 0.0ms | Allocations: 7)
  Rendered layout layouts/application.html.erb (Duration: 2.1ms | Allocations: 2545)
Completed 200 OK in 3ms (Views: 2.5ms | ActiveRecord: 0.0ms | Allocations: 2808)


Started GET "/projects" for 127.0.0.1 at 2023-10-18 13:14:11 -0300
Processing by ProjectsController#index as HTML
  Rendering layout layouts/application.html.erb
  Rendering projects/index.html.erb within layouts/application
  Rendered projects/index.html.erb within layouts/application (Duration: 1.6ms | Allocations: 1866)
  Rendered layout layouts/application.html.erb (Duration: 3.6ms | Allocations: 4289)
Completed 200 OK in 5ms (Views: 4.9ms | ActiveRecord: 0.0ms | Allocations: 4961)


Started GET "/contact" for 127.0.0.1 at 2023-10-18 13:14:12 -0300
Processing by ContactController#index as HTML
  Rendering layout layouts/application.html.erb
  Rendering contact/index.html.erb within layouts/application
  Rendered contact/index.html.erb within layouts/application (Duration: 0.6ms | Allocations: 159)
  Rendered layout layouts/application.html.erb (Duration: 2.9ms | Allocations: 2729)
Completed 200 OK in 4ms (Views: 3.9ms | ActiveRecord: 0.0ms | Allocations: 3397)


Started GET "/" for 127.0.0.1 at 2023-10-18 13:14:14 -0300
Processing by PagesController#index as HTML
  Rendering layout layouts/application.html.erb
  Rendering pages/index.html.erb within layouts/application
  Rendered pages/index.html.erb within layouts/application (Duration: 0.0ms | Allocations: 7)
  Rendered layout layouts/application.html.erb (Duration: 2.4ms | Allocations: 2476)
Completed 200 OK in 3ms (Views: 2.8ms | ActiveRecord: 0.0ms | Allocations: 2737)


Started GET "/" for 127.0.0.1 at 2023-10-18 13:14:14 -0300
Processing by PagesController#index as HTML
  Rendering layout layouts/application.html.erb
  Rendering pages/index.html.erb within layouts/application
  Rendered pages/index.html.erb within layouts/application (Duration: 0.0ms | Allocations: 7)
  Rendered layout layouts/application.html.erb (Duration: 2.2ms | Allocations: 2506)
Completed 200 OK in 3ms (Views: 2.6ms | ActiveRecord: 0.0ms | Allocations: 2766)


Started GET "/" for 127.0.0.1 at 2023-10-18 13:14:22 -0300
Processing by PagesController#index as HTML
  Rendering layout layouts/application.html.erb
  Rendering pages/index.html.erb within layouts/application
  Rendered pages/index.html.erb within layouts/application (Duration: 0.0ms | Allocations: 7)
  Rendered layout layouts/application.html.erb (Duration: 2.0ms | Allocations: 2489)
Completed 200 OK in 3ms (Views: 2.3ms | ActiveRecord: 0.0ms | Allocations: 2750)


Started GET "/" for 127.0.0.1 at 2023-10-18 13:15:32 -0300
Processing by PagesController#index as HTML
  Rendering layout layouts/application.html.erb
  Rendering pages/index.html.erb within layouts/application
  Rendered pages/index.html.erb within layouts/application (Duration: 0.1ms | Allocations: 7)
  Rendered layout layouts/application.html.erb (Duration: 5.1ms | Allocations: 2485)
Completed 200 OK in 6ms (Views: 5.7ms | ActiveRecord: 0.0ms | Allocations: 2746)


Started GET "/projects" for 127.0.0.1 at 2023-10-18 13:15:33 -0300
Processing by ProjectsController#index as HTML
  Rendering layout layouts/application.html.erb
  Rendering projects/index.html.erb within layouts/application
  Rendered projects/index.html.erb within layouts/application (Duration: 1.9ms | Allocations: 1502)
  Rendered layout layouts/application.html.erb (Duration: 4.3ms | Allocations: 3855)
Completed 200 OK in 5ms (Views: 4.7ms | ActiveRecord: 0.0ms | Allocations: 4115)


Started GET "/contact" for 127.0.0.1 at 2023-10-18 13:15:37 -0300
Processing by ContactController#index as HTML
  Rendering layout layouts/application.html.erb
  Rendering contact/index.html.erb within layouts/application
  Rendered contact/index.html.erb within layouts/application (Duration: 0.1ms | Allocations: 27)
  Rendered layout layouts/application.html.erb (Duration: 2.0ms | Allocations: 2494)
Completed 200 OK in 3ms (Views: 2.3ms | ActiveRecord: 0.0ms | Allocations: 2753)


Started GET "/projects" for 127.0.0.1 at 2023-10-18 13:15:38 -0300
Processing by ProjectsController#index as HTML
  Rendering layout layouts/application.html.erb
  Rendering projects/index.html.erb within layouts/application
  Rendered projects/index.html.erb within layouts/application (Duration: 3.5ms | Allocations: 1502)
  Rendered layout layouts/application.html.erb (Duration: 7.3ms | Allocations: 3851)
Completed 200 OK in 8ms (Views: 8.0ms | ActiveRecord: 0.0ms | Allocations: 4110)


Started GET "/" for 127.0.0.1 at 2023-10-18 13:15:39 -0300
Processing by PagesController#index as HTML
  Rendering layout layouts/application.html.erb
  Rendering pages/index.html.erb within layouts/application
  Rendered pages/index.html.erb within layouts/application (Duration: 0.1ms | Allocations: 7)
  Rendered layout layouts/application.html.erb (Duration: 4.0ms | Allocations: 2461)
Completed 200 OK in 5ms (Views: 4.7ms | ActiveRecord: 0.0ms | Allocations: 2721)


Started GET "/" for 127.0.0.1 at 2023-10-18 13:18:33 -0300
Processing by PagesController#index as HTML
  Rendering layout layouts/application.html.erb
  Rendering pages/index.html.erb within layouts/application
  Rendered pages/index.html.erb within layouts/application (Duration: 0.9ms | Allocations: 150)
  Rendered layout layouts/application.html.erb (Duration: 3.6ms | Allocations: 3014)
Completed 200 OK in 5ms (Views: 4.9ms | ActiveRecord: 0.0ms | Allocations: 3663)


Started GET "/" for 127.0.0.1 at 2023-10-18 13:22:22 -0300
Processing by PagesController#index as HTML
  Rendering layout layouts/application.html.erb
  Rendering pages/index.html.erb within layouts/application
  Rendered pages/index.html.erb within layouts/application (Duration: 0.6ms | Allocations: 138)
  Rendered layout layouts/application.html.erb (Duration: 4.1ms | Allocations: 3014)
Completed 200 OK in 6ms (Views: 5.4ms | Allocations: 3664)


Started GET "/" for 127.0.0.1 at 2023-10-18 13:22:31 -0300
Processing by PagesController#index as HTML
  Rendering layout layouts/application.html.erb
  Rendering pages/index.html.erb within layouts/application
  Rendered pages/index.html.erb within layouts/application (Duration: 0.4ms | Allocations: 126)
  Rendered layout layouts/application.html.erb (Duration: 2.8ms | Allocations: 2985)
Completed 200 OK in 5ms (Views: 4.5ms | Allocations: 3635)


Started GET "/" for 127.0.0.1 at 2023-10-18 13:23:50 -0300
Processing by PagesController#index as HTML
  Rendering layout layouts/application.html.erb
  Rendering pages/index.html.erb within layouts/application
  Rendered pages/index.html.erb within layouts/application (Duration: 0.5ms | Allocations: 126)
  Rendered layout layouts/application.html.erb (Duration: 3.1ms | Allocations: 3006)
Completed 200 OK in 5ms (Views: 4.4ms | Allocations: 3656)


Started GET "/" for 127.0.0.1 at 2023-10-18 13:24:05 -0300
Processing by PagesController#index as HTML
  Rendering layout layouts/application.html.erb
  Rendering pages/index.html.erb within layouts/application
  Rendered pages/index.html.erb within layouts/application (Duration: 0.5ms | Allocations: 130)
  Rendered layout layouts/application.html.erb (Duration: 4.9ms | Allocations: 3017)
Completed 200 OK in 7ms (Views: 6.7ms | Allocations: 3669)


Started GET "/" for 127.0.0.1 at 2023-10-18 13:27:46 -0300
Processing by PagesController#index as HTML
  Rendering layout layouts/application.html.erb
  Rendering pages/index.html.erb within layouts/application
  Rendered pages/index.html.erb within layouts/application (Duration: 0.9ms | Allocations: 188)
  Rendered layout layouts/application.html.erb (Duration: 4.9ms | Allocations: 3076)
Completed 200 OK in 7ms (Views: 6.3ms | Allocations: 3726)


Started GET "/" for 127.0.0.1 at 2023-10-18 13:28:36 -0300
Processing by PagesController#index as HTML
  Rendering layout layouts/application.html.erb
  Rendering pages/index.html.erb within layouts/application
  Rendered pages/index.html.erb within layouts/application (Duration: 0.9ms | Allocations: 185)
  Rendered layout layouts/application.html.erb (Duration: 6.8ms | Allocations: 3044)
Completed 200 OK in 9ms (Views: 8.6ms | Allocations: 3695)


Started GET "/" for 127.0.0.1 at 2023-10-18 13:30:02 -0300
Processing by PagesController#index as HTML
  Rendering layout layouts/application.html.erb
  Rendering pages/index.html.erb within layouts/application
  Rendered pages/index.html.erb within layouts/application (Duration: 0.9ms | Allocations: 240)
  Rendered layout layouts/application.html.erb (Duration: 4.4ms | Allocations: 3114)
Completed 200 OK in 6ms (Views: 5.4ms | Allocations: 3764)


Started GET "/" for 127.0.0.1 at 2023-10-18 13:30:17 -0300
Processing by PagesController#index as HTML
  Rendering layout layouts/application.html.erb
  Rendering pages/index.html.erb within layouts/application
  Rendered pages/index.html.erb within layouts/application (Duration: 1.2ms | Allocations: 236)
  Rendered layout layouts/application.html.erb (Duration: 4.7ms | Allocations: 3098)
Completed 200 OK in 7ms (Views: 6.3ms | Allocations: 3748)


Started GET "/projects" for 127.0.0.1 at 2023-10-18 13:30:24 -0300
Processing by ProjectsController#index as HTML
  Rendering layout layouts/application.html.erb
  Rendering projects/index.html.erb within layouts/application
  Rendered projects/index.html.erb within layouts/application (Duration: 1.9ms | Allocations: 1817)
  Rendered layout layouts/application.html.erb (Duration: 4.1ms | Allocations: 4214)
Completed 200 OK in 5ms (Views: 5.1ms | Allocations: 4804)


Started GET "/contact" for 127.0.0.1 at 2023-10-18 13:32:22 -0300
Processing by ContactController#index as HTML
  Rendering layout layouts/application.html.erb
  Rendering contact/index.html.erb within layouts/application
  Rendered contact/index.html.erb within layouts/application (Duration: 0.5ms | Allocations: 157)
  Rendered layout layouts/application.html.erb (Duration: 2.7ms | Allocations: 2704)
Completed 200 OK in 5ms (Views: 4.3ms | Allocations: 3291)


Started GET "/" for 127.0.0.1 at 2023-10-18 13:32:33 -0300
Processing by PagesController#index as HTML
  Rendering layout layouts/application.html.erb
  Rendering pages/index.html.erb within layouts/application
  Rendered pages/index.html.erb within layouts/application (Duration: 0.1ms | Allocations: 68)
  Rendered layout layouts/application.html.erb (Duration: 2.3ms | Allocations: 2542)
Completed 200 OK in 3ms (Views: 2.7ms | Allocations: 2804)


Started GET "/" for 127.0.0.1 at 2023-10-18 13:32:49 -0300
Processing by PagesController#index as HTML
  Rendering layout layouts/application.html.erb
  Rendering pages/index.html.erb within layouts/application
  Rendered pages/index.html.erb within layouts/application (Duration: 0.6ms | Allocations: 238)
  Rendered layout layouts/application.html.erb (Duration: 3.6ms | Allocations: 3127)
Completed 200 OK in 5ms (Views: 5.0ms | Allocations: 3776)


Started GET "/" for 127.0.0.1 at 2023-10-18 13:33:08 -0300
Processing by PagesController#index as HTML
  Rendering layout layouts/application.html.erb
  Rendering pages/index.html.erb within layouts/application
  Rendered pages/index.html.erb within layouts/application (Duration: 0.7ms | Allocations: 238)
  Rendered layout layouts/application.html.erb (Duration: 6.3ms | Allocations: 3085)
Completed 200 OK in 8ms (Views: 8.2ms | Allocations: 3735)


Started GET "/" for 127.0.0.1 at 2023-10-18 13:34:03 -0300
Processing by PagesController#index as HTML
  Rendering layout layouts/application.html.erb
  Rendering pages/index.html.erb within layouts/application
  Rendered pages/index.html.erb within layouts/application (Duration: 0.5ms | Allocations: 291)
  Rendered layout layouts/application.html.erb (Duration: 3.6ms | Allocations: 3156)
Completed 200 OK in 5ms (Views: 4.7ms | Allocations: 3819)


Started GET "/" for 127.0.0.1 at 2023-10-18 13:34:54 -0300
Processing by PagesController#index as HTML
  Rendering layout layouts/application.html.erb
  Rendering pages/index.html.erb within layouts/application
  Rendered pages/index.html.erb within layouts/application (Duration: 0.5ms | Allocations: 289)
  Rendered layout layouts/application.html.erb (Duration: 5.8ms | Allocations: 3145)
Completed 200 OK in 8ms (Views: 7.2ms | Allocations: 3795)


Started GET "/" for 127.0.0.1 at 2023-10-18 13:35:44 -0300
Processing by PagesController#index as HTML
  Rendering layout layouts/application.html.erb
  Rendering pages/index.html.erb within layouts/application
  Rendered pages/index.html.erb within layouts/application (Duration: 0.6ms | Allocations: 289)
  Rendered layout layouts/application.html.erb (Duration: 3.6ms | Allocations: 3142)
Completed 200 OK in 5ms (Views: 5.0ms | Allocations: 3792)


Started GET "/" for 127.0.0.1 at 2023-10-18 13:39:25 -0300
Processing by PagesController#index as HTML
  Rendering layout layouts/application.html.erb
  Rendering pages/index.html.erb within layouts/application
  Rendered pages/index.html.erb within layouts/application (Duration: 0.2ms | Allocations: 98)
  Rendered layout layouts/application.html.erb (Duration: 9.5ms | Allocations: 4934)
Completed 200 OK in 11ms (Views: 10.5ms | Allocations: 5193)


Started GET "/projects" for 127.0.0.1 at 2023-10-18 13:39:26 -0300
Processing by ProjectsController#index as HTML
  Rendering layout layouts/application.html.erb
  Rendering projects/index.html.erb within layouts/application
  Rendered projects/index.html.erb within layouts/application (Duration: 4.8ms | Allocations: 1799)
  Rendered layout layouts/application.html.erb (Duration: 7.2ms | Allocations: 4224)
Completed 200 OK in 9ms (Views: 8.5ms | Allocations: 4815)


Started GET "/projects" for 127.0.0.1 at 2023-10-18 13:39:33 -0300
Processing by ProjectsController#index as HTML
  Rendering layout layouts/application.html.erb
  Rendering projects/index.html.erb within layouts/application
  Rendered projects/index.html.erb within layouts/application (Duration: 2.2ms | Allocations: 1510)
  Rendered layout layouts/application.html.erb (Duration: 8.7ms | Allocations: 6344)
Completed 200 OK in 10ms (Views: 9.2ms | Allocations: 6603)


Started GET "/projects" for 127.0.0.1 at 2023-10-18 13:39:39 -0300
Processing by ProjectsController#index as HTML
  Rendering layout layouts/application.html.erb
  Rendering projects/index.html.erb within layouts/application
  Rendered projects/index.html.erb within layouts/application (Duration: 2.3ms | Allocations: 1508)
  Rendered layout layouts/application.html.erb (Duration: 10.2ms | Allocations: 6384)
Completed 200 OK in 11ms (Views: 10.7ms | Allocations: 6641)


Started GET "/projects" for 127.0.0.1 at 2023-10-18 13:39:48 -0300
Processing by ProjectsController#index as HTML
  Rendering layout layouts/application.html.erb
  Rendering projects/index.html.erb within layouts/application
  Rendered projects/index.html.erb within layouts/application (Duration: 3.6ms | Allocations: 1502)
  Rendered layout layouts/application.html.erb (Duration: 12.0ms | Allocations: 6364)
Completed 200 OK in 13ms (Views: 12.6ms | Allocations: 6621)


Started GET "/projects" for 127.0.0.1 at 2023-10-18 13:40:02 -0300
Processing by ProjectsController#index as HTML
  Rendering layout layouts/application.html.erb
  Rendering projects/index.html.erb within layouts/application
  Rendered projects/index.html.erb within layouts/application (Duration: 1.5ms | Allocations: 1502)
  Rendered layout layouts/application.html.erb (Duration: 7.8ms | Allocations: 6379)
Completed 200 OK in 9ms (Views: 8.3ms | Allocations: 6637)


Started GET "/projects" for 127.0.0.1 at 2023-10-18 13:41:49 -0300
Processing by ProjectsController#index as HTML
  Rendering layout layouts/application.html.erb
  Rendering projects/index.html.erb within layouts/application
  Rendered projects/index.html.erb within layouts/application (Duration: 3.9ms | Allocations: 1806)
  Rendered layout layouts/application.html.erb (Duration: 8.8ms | Allocations: 4507)
Completed 200 OK in 11ms (Views: 10.2ms | Allocations: 5370)


Started GET "/projects" for 127.0.0.1 at 2023-10-18 13:42:05 -0300
Processing by ProjectsController#index as HTML
  Rendering layout layouts/application.html.erb
  Rendering projects/index.html.erb within layouts/application
  Rendered projects/index.html.erb within layouts/application (Duration: 3.8ms | Allocations: 1801)
  Rendered layout layouts/application.html.erb (Duration: 9.0ms | Allocations: 4496)
Completed 200 OK in 12ms (Views: 11.2ms | Allocations: 5357)


Started GET "/projects" for 127.0.0.1 at 2023-10-18 13:42:52 -0300
Processing by ProjectsController#index as HTML
  Rendering layout layouts/application.html.erb
  Rendering projects/index.html.erb within layouts/application
  Rendered projects/index.html.erb within layouts/application (Duration: 1.9ms | Allocations: 1801)
  Rendered layout layouts/application.html.erb (Duration: 5.1ms | Allocations: 4532)
Completed 200 OK in 8ms (Views: 6.5ms | Allocations: 5393)


Started GET "/projects" for 127.0.0.1 at 2023-10-18 13:44:13 -0300
Processing by ProjectsController#index as HTML
  Rendering layout layouts/application.html.erb
  Rendering projects/index.html.erb within layouts/application
  Rendered projects/index.html.erb within layouts/application (Duration: 35.1ms | Allocations: 12229)
  Rendered layout layouts/application.html.erb (Duration: 35.6ms | Allocations: 12318)
Completed 500 Internal Server Error in 38ms (Allocations: 13181)


  
ActionView::SyntaxErrorInTemplate (Encountered a syntax error while rendering template: check <div class="container">
  <div class="row row-cols-3">
    <div class="col">
      <div class="card">
        <%= image_tag 'image_1.png', alt: 'My image', class: 'card-img-top' id:'carta' %>
        <div class="card-body">
          <h5 class="card-title">Card title</h5>
          <p class="card-text">This is a card with some text content.</p>
        </div>
      </div>
    </div>
    <div class="col">
      <div class="card">
        <%= image_tag 'image_2.png', alt: 'My image', class: 'card-img-top' %>
        <div class="card-body">
          <h5 class="card-title">Card title</h5>
          <p class="card-text">This is a card with some text content.</p>
        </div>
      </div>
    </div>
    <div class="col">
      <div class="card">
        <%= image_tag 'image_3.png', alt: 'My image', class: 'card-img-top' %>
        <div class="card-body">
          <h5 class="card-title">Card title</h5>
          <p class="card-text">This is a card with some text content.</p>
        </div>
      </div>
    </div>
  </div>
</div>
<div class="d-grid gap-2">
<%= link_to('https://www.linkedin.com/in/k-rivas-r/', class: 'btn btn-success rounded-pill', target: '_blank', id: 'boton_ver_mas') do %>
  <span class="fa fa-link"></span> Ver más
<% end %>
</div>
):
1:    <div class="container">
2:      <div class="row row-cols-3">
3:        <div class="col">
4:          <div class="card">
5:            <%= image_tag 'image_1.png', alt: 'My image', class: 'card-img-top' id:'carta' %>
6:            <div class="card-body">
7:              <h5 class="card-title">Card title</h5>
8:              <p class="card-text">This is a card with some text content.</p>
9:            </div>
10:          </div>
11:        </div>
12:        <div class="col">
13:          <div class="card">
14:            <%= image_tag 'image_2.png', alt: 'My image', class: 'card-img-top' %>
15:            <div class="card-body">
16:              <h5 class="card-title">Card title</h5>
17:              <p class="card-text">This is a card with some text content.</p>
18:            </div>
19:          </div>
20:        </div>
21:        <div class="col">
22:          <div class="card">
23:            <%= image_tag 'image_3.png', alt: 'My image', class: 'card-img-top' %>
24:            <div class="card-body">
25:              <h5 class="card-title">Card title</h5>
26:              <p class="card-text">This is a card with some text content.</p>
27:            </div>
28:          </div>
29:        </div>
30:      </div>
31:    </div>
32:    <div class="d-grid gap-2">
33:    <%= link_to('https://www.linkedin.com/in/k-rivas-r/', class: 'btn btn-success rounded-pill', target: '_blank', id: 'boton_ver_mas') do %>
34:      <span class="fa fa-link"></span> Ver más
35:    <% end %>
36:    </div>
  
app/views/projects/index.html.erb:5: syntax error, unexpected local variable or method, expecting ')'
app/views/projects/index.html.erb:5: syntax error, unexpected local variable or method, expecting ')'
app/views/projects/index.html.erb:5: syntax error, unexpected local variable or method, expecting ')'
app/views/projects/index.html.erb:5: syntax error, unexpected local variable or method, expecting ')'
app/views/projects/index.html.erb:5: syntax error, unexpected local variable or method, expecting ')'
app/views/projects/index.html.erb:5: syntax error, unexpected local variable or method, expecting ')'
Started GET "/projects" for 127.0.0.1 at 2023-10-18 13:44:50 -0300
Processing by ProjectsController#index as HTML
  Rendering layout layouts/application.html.erb
  Rendering projects/index.html.erb within layouts/application
  Rendered projects/index.html.erb within layouts/application (Duration: 1.3ms | Allocations: 1198)
  Rendered layout layouts/application.html.erb (Duration: 1.6ms | Allocations: 1287)
Completed 500 Internal Server Error in 3ms (Allocations: 2126)


  
ActionView::SyntaxErrorInTemplate (Encountered a syntax error while rendering template: check <div class="container">
  <div class="row row-cols-3">
    <div class="col">
      <div class="card">
        <%= image_tag 'image_1.png', alt: 'My image', class: 'card-img-top' id:'carta' %>
        <div class="card-body">
          <h5 class="card-title">Card title</h5>
          <p class="card-text">This is a card with some text content.</p>
        </div>
      </div>
    </div>
    <div class="col">
      <div class="card">
        <%= image_tag 'image_2.png', alt: 'My image', class: 'card-img-top' id:'carta' %>
        <div class="card-body">
          <h5 class="card-title">Card title</h5>
          <p class="card-text">This is a card with some text content.</p>
        </div>
      </div>
    </div>
    <div class="col">
      <div class="card">
        <%= image_tag 'image_3.png', alt: 'My image', class: 'card-img-top' id:'carta'%>
        <div class="card-body">
          <h5 class="card-title">Card title</h5>
          <p class="card-text">This is a card with some text content.</p>
        </div>
      </div>
    </div>
  </div>
</div>
<div class="d-grid gap-2">
<%= link_to('https://www.linkedin.com/in/k-rivas-r/', class: 'btn btn-success rounded-pill', target: '_blank', id: 'boton_ver_mas') do %>
  <span class="fa fa-link"></span> Ver más
<% end %>
</div>
):
1:    <div class="container">
2:      <div class="row row-cols-3">
3:        <div class="col">
4:          <div class="card">
5:            <%= image_tag 'image_1.png', alt: 'My image', class: 'card-img-top' id:'carta' %>
6:            <div class="card-body">
7:              <h5 class="card-title">Card title</h5>
8:              <p class="card-text">This is a card with some text content.</p>
9:            </div>
10:          </div>
11:        </div>
12:        <div class="col">
13:          <div class="card">
14:            <%= image_tag 'image_2.png', alt: 'My image', class: 'card-img-top' id:'carta' %>
15:            <div class="card-body">
16:              <h5 class="card-title">Card title</h5>
17:              <p class="card-text">This is a card with some text content.</p>
18:            </div>
19:          </div>
20:        </div>
21:        <div class="col">
22:          <div class="card">
23:            <%= image_tag 'image_3.png', alt: 'My image', class: 'card-img-top' id:'carta'%>
24:            <div class="card-body">
25:              <h5 class="card-title">Card title</h5>
26:              <p class="card-text">This is a card with some text content.</p>
27:            </div>
28:          </div>
29:        </div>
30:      </div>
31:    </div>
32:    <div class="d-grid gap-2">
33:    <%= link_to('https://www.linkedin.com/in/k-rivas-r/', class: 'btn btn-success rounded-pill', target: '_blank', id: 'boton_ver_mas') do %>
34:      <span class="fa fa-link"></span> Ver más
35:    <% end %>
36:    </div>
  
app/views/projects/index.html.erb:5: syntax error, unexpected local variable or method, expecting ')'
app/views/projects/index.html.erb:14: syntax error, unexpected local variable or method, expecting ')'
app/views/projects/index.html.erb:23: syntax error, unexpected local variable or method, expecting ')'
app/views/projects/index.html.erb:5: syntax error, unexpected local variable or method, expecting ')'
app/views/projects/index.html.erb:14: syntax error, unexpected local variable or method, expecting ')'
app/views/projects/index.html.erb:23: syntax error, unexpected local variable or method, expecting ')'
app/views/projects/index.html.erb:5: syntax error, unexpected local variable or method, expecting ')'
app/views/projects/index.html.erb:14: syntax error, unexpected local variable or method, expecting ')'
app/views/projects/index.html.erb:23: syntax error, unexpected local variable or method, expecting ')'
app/views/projects/index.html.erb:5: syntax error, unexpected local variable or method, expecting ')'
app/views/projects/index.html.erb:14: syntax error, unexpected local variable or method, expecting ')'
app/views/projects/index.html.erb:23: syntax error, unexpected local variable or method, expecting ')'
app/views/projects/index.html.erb:5: syntax error, unexpected local variable or method, expecting ')'
app/views/projects/index.html.erb:14: syntax error, unexpected local variable or method, expecting ')'
app/views/projects/index.html.erb:23: syntax error, unexpected local variable or method, expecting ')'
app/views/projects/index.html.erb:5: syntax error, unexpected local variable or method, expecting ')'
app/views/projects/index.html.erb:14: syntax error, unexpected local variable or method, expecting ')'
app/views/projects/index.html.erb:23: syntax error, unexpected local variable or method, expecting ')'
Started GET "/projects" for 127.0.0.1 at 2023-10-18 13:46:09 -0300
Processing by ProjectsController#index as HTML
  Rendering layout layouts/application.html.erb
  Rendering projects/index.html.erb within layouts/application
  Rendered projects/index.html.erb within layouts/application (Duration: 0.6ms | Allocations: 1197)
  Rendered layout layouts/application.html.erb (Duration: 0.8ms | Allocations: 1286)
Completed 500 Internal Server Error in 3ms (Allocations: 2124)


  
ActionView::SyntaxErrorInTemplate (Encountered a syntax error while rendering template: check <div class="container">
  <div class="row row-cols-3">
    <div class="col">
      <div class="card">
        <%= image_tag 'image_1.png', alt: 'My image', class: 'card-img-top' id:'carta' %>
        <div class="card-body">
          <h5 class="card-title">Card title</h5>
          <p class="card-text">This is a card with some text content.</p>
        </div>
      </div>
    </div>
    <div class="col">
      <div class="card">
        <%= image_tag 'image_2.png', alt: 'My image', class: 'card-img-top' id: 'carta' %>
        <div class="card-body">
          <h5 class="card-title">Card title</h5>
          <p class="card-text">This is a card with some text content.</p>
        </div>
      </div>
    </div>
    <div class="col">
      <div class="card">
        <%= image_tag 'image_3.png', alt: 'My image', class: 'card-img-top' id: 'carta' %>
        <div class="card-body">
          <h5 class="card-title">Card title</h5>
          <p class="card-text">This is a card with some text content.</p>
        </div>
      </div>
    </div>
  </div>
</div>
<div class="d-grid gap-2">
<%= link_to('https://www.linkedin.com/in/k-rivas-r/', class: 'btn btn-success rounded-pill', target: '_blank', id: 'boton_ver_mas') do %>
  <span class="fa fa-link"></span> Ver más
<% end %>
</div>
):
1:    <div class="container">
2:      <div class="row row-cols-3">
3:        <div class="col">
4:          <div class="card">
5:            <%= image_tag 'image_1.png', alt: 'My image', class: 'card-img-top' id:'carta' %>
6:            <div class="card-body">
7:              <h5 class="card-title">Card title</h5>
8:              <p class="card-text">This is a card with some text content.</p>
9:            </div>
10:          </div>
11:        </div>
12:        <div class="col">
13:          <div class="card">
14:            <%= image_tag 'image_2.png', alt: 'My image', class: 'card-img-top' id: 'carta' %>
15:            <div class="card-body">
16:              <h5 class="card-title">Card title</h5>
17:              <p class="card-text">This is a card with some text content.</p>
18:            </div>
19:          </div>
20:        </div>
21:        <div class="col">
22:          <div class="card">
23:            <%= image_tag 'image_3.png', alt: 'My image', class: 'card-img-top' id: 'carta' %>
24:            <div class="card-body">
25:              <h5 class="card-title">Card title</h5>
26:              <p class="card-text">This is a card with some text content.</p>
27:            </div>
28:          </div>
29:        </div>
30:      </div>
31:    </div>
32:    <div class="d-grid gap-2">
33:    <%= link_to('https://www.linkedin.com/in/k-rivas-r/', class: 'btn btn-success rounded-pill', target: '_blank', id: 'boton_ver_mas') do %>
34:      <span class="fa fa-link"></span> Ver más
35:    <% end %>
36:    </div>
  
app/views/projects/index.html.erb:5: syntax error, unexpected local variable or method, expecting ')'
app/views/projects/index.html.erb:14: syntax error, unexpected local variable or method, expecting ')'
app/views/projects/index.html.erb:23: syntax error, unexpected local variable or method, expecting ')'
app/views/projects/index.html.erb:5: syntax error, unexpected local variable or method, expecting ')'
app/views/projects/index.html.erb:14: syntax error, unexpected local variable or method, expecting ')'
app/views/projects/index.html.erb:23: syntax error, unexpected local variable or method, expecting ')'
app/views/projects/index.html.erb:5: syntax error, unexpected local variable or method, expecting ')'
app/views/projects/index.html.erb:14: syntax error, unexpected local variable or method, expecting ')'
app/views/projects/index.html.erb:23: syntax error, unexpected local variable or method, expecting ')'
app/views/projects/index.html.erb:5: syntax error, unexpected local variable or method, expecting ')'
app/views/projects/index.html.erb:14: syntax error, unexpected local variable or method, expecting ')'
app/views/projects/index.html.erb:23: syntax error, unexpected local variable or method, expecting ')'
app/views/projects/index.html.erb:5: syntax error, unexpected local variable or method, expecting ')'
app/views/projects/index.html.erb:14: syntax error, unexpected local variable or method, expecting ')'
app/views/projects/index.html.erb:23: syntax error, unexpected local variable or method, expecting ')'
app/views/projects/index.html.erb:5: syntax error, unexpected local variable or method, expecting ')'
app/views/projects/index.html.erb:14: syntax error, unexpected local variable or method, expecting ')'
app/views/projects/index.html.erb:23: syntax error, unexpected local variable or method, expecting ')'
Started GET "/projects" for 127.0.0.1 at 2023-10-18 13:46:25 -0300
Processing by ProjectsController#index as HTML
  Rendering layout layouts/application.html.erb
  Rendering projects/index.html.erb within layouts/application
  Rendered projects/index.html.erb within layouts/application (Duration: 4.5ms | Allocations: 1860)
  Rendered layout layouts/application.html.erb (Duration: 14.6ms | Allocations: 7112)
Completed 200 OK in 17ms (Views: 16.1ms | Allocations: 7973)


Started GET "/projects" for 127.0.0.1 at 2023-10-18 13:46:41 -0300
Processing by ProjectsController#index as HTML
  Rendering layout layouts/application.html.erb
  Rendering projects/index.html.erb within layouts/application
  Rendered projects/index.html.erb within layouts/application (Duration: 1.4ms | Allocations: 1532)
  Rendered layout layouts/application.html.erb (Duration: 11.7ms | Allocations: 6411)
Completed 200 OK in 14ms (Views: 12.9ms | Allocations: 6681)


Started GET "/projects" for 127.0.0.1 at 2023-10-18 13:46:54 -0300
Processing by ProjectsController#index as HTML
  Rendering layout layouts/application.html.erb
  Rendering projects/index.html.erb within layouts/application
  Rendered projects/index.html.erb within layouts/application (Duration: 5.1ms | Allocations: 1546)
  Rendered layout layouts/application.html.erb (Duration: 14.1ms | Allocations: 6467)
Completed 200 OK in 15ms (Views: 14.8ms | Allocations: 6724)


Started GET "/projects" for 127.0.0.1 at 2023-10-18 13:47:06 -0300
Processing by ProjectsController#index as HTML
  Rendering layout layouts/application.html.erb
  Rendering projects/index.html.erb within layouts/application
  Rendered projects/index.html.erb within layouts/application (Duration: 1.3ms | Allocations: 1532)
  Rendered layout layouts/application.html.erb (Duration: 10.7ms | Allocations: 6407)
Completed 200 OK in 12ms (Views: 11.2ms | Allocations: 6664)


Started GET "/projects" for 127.0.0.1 at 2023-10-18 13:50:01 -0300
Processing by ProjectsController#index as HTML
  Rendering layout layouts/application.html.erb
  Rendering projects/index.html.erb within layouts/application
  Rendered projects/index.html.erb within layouts/application (Duration: 14.2ms | Allocations: 1840)
  Rendered layout layouts/application.html.erb (Duration: 51.0ms | Allocations: 7112)
Completed 200 OK in 55ms (Views: 53.7ms | Allocations: 7975)


Started GET "/projects" for 127.0.0.1 at 2023-10-18 13:52:51 -0300
Processing by ProjectsController#index as HTML
  Rendering layout layouts/application.html.erb
  Rendering projects/index.html.erb within layouts/application
  Rendered projects/index.html.erb within layouts/application (Duration: 66.5ms | Allocations: 22459)
  Rendered layout layouts/application.html.erb (Duration: 72.2ms | Allocations: 25143)
Completed 200 OK in 80ms (Views: 77.2ms | Allocations: 26004)


Started GET "/projects" for 127.0.0.1 at 2023-10-18 13:55:02 -0300
Processing by ProjectsController#index as HTML
  Rendering layout layouts/application.html.erb
  Rendering projects/index.html.erb within layouts/application
  Rendered projects/index.html.erb within layouts/application (Duration: 4.1ms | Allocations: 2615)
  Rendered layout layouts/application.html.erb (Duration: 4.5ms | Allocations: 2703)
Completed 500 Internal Server Error in 8ms (Allocations: 3544)


  
ActionView::Template::Error (The asset "kevinsavir.png" is not present in the asset pipeline.
):
    11:     </div>
    12:     <div class="col">
    13:       <div class="card">
    14:         <%= image_tag 'kevinsavir.png', alt: 'My image', class: 'card-img-top', id: 'carta' %>
    15:         <div class="card-body">
    16:           <h5 class="card-title">Card title</h5>
    17:           <p class="card-text">This is a card with some text content.</p>
  
app/views/projects/index.html.erb:14
Started GET "/projects" for 127.0.0.1 at 2023-10-18 13:55:24 -0300
Processing by ProjectsController#index as HTML
  Rendering layout layouts/application.html.erb
  Rendering projects/index.html.erb within layouts/application
  Rendered projects/index.html.erb within layouts/application (Duration: 53.9ms | Allocations: 22630)
  Rendered layout layouts/application.html.erb (Duration: 60.6ms | Allocations: 25324)
Completed 200 OK in 64ms (Views: 63.0ms | Allocations: 26184)


Started GET "/contact" for 127.0.0.1 at 2023-10-18 13:55:34 -0300
Processing by ContactController#index as HTML
  Rendering layout layouts/application.html.erb
  Rendering contact/index.html.erb within layouts/application
  Rendered contact/index.html.erb within layouts/application (Duration: 0.8ms | Allocations: 154)
  Rendered layout layouts/application.html.erb (Duration: 3.3ms | Allocations: 2696)
Completed 200 OK in 5ms (Views: 4.7ms | Allocations: 3282)


Started GET "/projects" for 127.0.0.1 at 2023-10-18 13:55:38 -0300
Processing by ProjectsController#index as HTML
  Rendering layout layouts/application.html.erb
  Rendering projects/index.html.erb within layouts/application
  Rendered projects/index.html.erb within layouts/application (Duration: 1.5ms | Allocations: 1336)
  Rendered layout layouts/application.html.erb (Duration: 4.6ms | Allocations: 3670)
Completed 200 OK in 6ms (Views: 6.0ms | Allocations: 3930)


Started GET "/" for 127.0.0.1 at 2023-10-18 13:55:39 -0300
Processing by PagesController#index as HTML
  Rendering layout layouts/application.html.erb
  Rendering pages/index.html.erb within layouts/application
  Rendered pages/index.html.erb within layouts/application (Duration: 0.5ms | Allocations: 287)
  Rendered layout layouts/application.html.erb (Duration: 2.2ms | Allocations: 2817)
Completed 200 OK in 3ms (Views: 3.2ms | Allocations: 3324)


Started GET "/" for 127.0.0.1 at 2023-10-18 13:58:05 -0300
Processing by PagesController#index as HTML
  Rendering layout layouts/application.html.erb
  Rendering pages/index.html.erb within layouts/application
  Rendered pages/index.html.erb within layouts/application (Duration: 0.7ms | Allocations: 288)
  Rendered layout layouts/application.html.erb (Duration: 21.2ms | Allocations: 5701)
Completed 200 OK in 23ms (Views: 22.6ms | Allocations: 6351)


Started GET "/" for 127.0.0.1 at 2023-10-18 13:59:06 -0300
Processing by PagesController#index as HTML
  Rendering layout layouts/application.html.erb
  Rendering pages/index.html.erb within layouts/application
  Rendered pages/index.html.erb within layouts/application (Duration: 1.1ms | Allocations: 294)
  Rendered layout layouts/application.html.erb (Duration: 14.8ms | Allocations: 5686)
Completed 200 OK in 17ms (Views: 16.6ms | Allocations: 6336)


Started GET "/" for 127.0.0.1 at 2023-10-18 13:59:08 -0300
Processing by PagesController#index as HTML
  Rendering layout layouts/application.html.erb
  Rendering pages/index.html.erb within layouts/application
  Rendered pages/index.html.erb within layouts/application (Duration: 0.1ms | Allocations: 98)
  Rendered layout layouts/application.html.erb (Duration: 2.4ms | Allocations: 2548)
Completed 200 OK in 3ms (Views: 2.8ms | Allocations: 2808)


Started GET "/" for 127.0.0.1 at 2023-10-18 13:59:53 -0300
Processing by PagesController#index as HTML
  Rendering layout layouts/application.html.erb
  Rendering pages/index.html.erb within layouts/application
  Rendered pages/index.html.erb within layouts/application (Duration: 1.0ms | Allocations: 289)
  Rendered layout layouts/application.html.erb (Duration: 17.0ms | Allocations: 5675)
Completed 200 OK in 19ms (Views: 18.5ms | Allocations: 6324)


Started GET "/" for 127.0.0.1 at 2023-10-18 14:00:03 -0300
Processing by PagesController#index as HTML
  Rendering layout layouts/application.html.erb
  Rendering pages/index.html.erb within layouts/application
  Rendered pages/index.html.erb within layouts/application (Duration: 0.1ms | Allocations: 98)
  Rendered layout layouts/application.html.erb (Duration: 7.8ms | Allocations: 5105)
Completed 200 OK in 9ms (Views: 8.3ms | Allocations: 5364)


Started GET "/" for 127.0.0.1 at 2023-10-18 14:00:13 -0300
Processing by PagesController#index as HTML
  Rendering layout layouts/application.html.erb
  Rendering pages/index.html.erb within layouts/application
  Rendered pages/index.html.erb within layouts/application (Duration: 0.1ms | Allocations: 98)
  Rendered layout layouts/application.html.erb (Duration: 9.2ms | Allocations: 5108)
Completed 200 OK in 10ms (Views: 9.7ms | Allocations: 5366)


Started GET "/" for 127.0.0.1 at 2023-10-18 14:00:43 -0300
Processing by PagesController#index as HTML
  Rendering layout layouts/application.html.erb
  Rendering pages/index.html.erb within layouts/application
  Rendered pages/index.html.erb within layouts/application (Duration: 0.2ms | Allocations: 98)
  Rendered layout layouts/application.html.erb (Duration: 143.8ms | Allocations: 5099)
Completed 200 OK in 145ms (Views: 144.8ms | Allocations: 5358)


Started GET "/" for 127.0.0.1 at 2023-10-18 14:01:08 -0300
Processing by PagesController#index as HTML
  Rendering layout layouts/application.html.erb
  Rendering pages/index.html.erb within layouts/application
  Rendered pages/index.html.erb within layouts/application (Duration: 0.2ms | Allocations: 98)
  Rendered layout layouts/application.html.erb (Duration: 18.7ms | Allocations: 5145)
Completed 200 OK in 20ms (Views: 19.5ms | Allocations: 5403)


Started GET "/" for 127.0.0.1 at 2023-10-18 14:01:24 -0300
Processing by PagesController#index as HTML
  Rendering layout layouts/application.html.erb
  Rendering pages/index.html.erb within layouts/application
  Rendered pages/index.html.erb within layouts/application (Duration: 0.1ms | Allocations: 98)
  Rendered layout layouts/application.html.erb (Duration: 8.9ms | Allocations: 5123)
Completed 200 OK in 10ms (Views: 9.4ms | Allocations: 5381)


Started GET "/projects" for 127.0.0.1 at 2023-10-18 14:01:52 -0300
Processing by ProjectsController#index as HTML
  Rendering layout layouts/application.html.erb
  Rendering projects/index.html.erb within layouts/application
  Rendered projects/index.html.erb within layouts/application (Duration: 80.8ms | Allocations: 29981)
  Rendered layout layouts/application.html.erb (Duration: 92.4ms | Allocations: 44029)
Completed 200 OK in 103ms (Views: 95.4ms | ActiveRecord: 0.0ms | Allocations: 48037)


Started GET "/projects" for 127.0.0.1 at 2023-10-18 14:02:53 -0300
Processing by ProjectsController#index as HTML
  Rendering layout layouts/application.html.erb
  Rendering projects/index.html.erb within layouts/application
  Rendered projects/index.html.erb within layouts/application (Duration: 2.3ms | Allocations: 1336)
  Rendered layout layouts/application.html.erb (Duration: 14.5ms | Allocations: 6265)
Completed 200 OK in 16ms (Views: 15.3ms | ActiveRecord: 0.0ms | Allocations: 6526)


Started GET "/projects" for 127.0.0.1 at 2023-10-18 14:03:17 -0300
Processing by ProjectsController#index as HTML
  Rendering layout layouts/application.html.erb
  Rendering projects/index.html.erb within layouts/application
  Rendered projects/index.html.erb within layouts/application (Duration: 1.5ms | Allocations: 1336)
  Rendered layout layouts/application.html.erb (Duration: 7.9ms | Allocations: 6211)
Completed 200 OK in 9ms (Views: 8.5ms | ActiveRecord: 0.0ms | Allocations: 6471)


Started GET "/projects" for 127.0.0.1 at 2023-10-18 14:03:29 -0300
Processing by ProjectsController#index as HTML
  Rendering layout layouts/application.html.erb
  Rendering projects/index.html.erb within layouts/application
  Rendered projects/index.html.erb within layouts/application (Duration: 1.8ms | Allocations: 1348)
  Rendered layout layouts/application.html.erb (Duration: 9.1ms | Allocations: 6253)
Completed 200 OK in 10ms (Views: 9.8ms | ActiveRecord: 0.0ms | Allocations: 6514)


Started GET "/projects" for 127.0.0.1 at 2023-10-18 14:04:21 -0300
Processing by ProjectsController#index as HTML
  Rendering layout layouts/application.html.erb
  Rendering projects/index.html.erb within layouts/application
  Rendered projects/index.html.erb within layouts/application (Duration: 2.2ms | Allocations: 1641)
  Rendered layout layouts/application.html.erb (Duration: 5.9ms | Allocations: 4333)
Completed 200 OK in 8ms (Views: 7.3ms | ActiveRecord: 0.0ms | Allocations: 5196)


Started GET "/contact" for 127.0.0.1 at 2023-10-18 14:04:34 -0300
Processing by ContactController#index as HTML
  Rendering layout layouts/application.html.erb
  Rendering contact/index.html.erb within layouts/application
  Rendered contact/index.html.erb within layouts/application (Duration: 2.1ms | Allocations: 159)
  Rendered layout layouts/application.html.erb (Duration: 12.2ms | Allocations: 2714)
Completed 200 OK in 15ms (Views: 14.5ms | ActiveRecord: 0.0ms | Allocations: 3380)


Started GET "/contact" for 127.0.0.1 at 2023-10-18 14:05:15 -0300
Processing by ContactController#index as HTML
  Rendering layout layouts/application.html.erb
  Rendering contact/index.html.erb within layouts/application
  Rendered contact/index.html.erb within layouts/application (Duration: 1.9ms | Allocations: 787)
  Rendered layout layouts/application.html.erb (Duration: 4.9ms | Allocations: 3497)
Completed 200 OK in 8ms (Views: 7.2ms | ActiveRecord: 0.0ms | Allocations: 4356)


Started GET "/contact" for 127.0.0.1 at 2023-10-18 14:05:44 -0300
Processing by ContactController#index as HTML
  Rendering layout layouts/application.html.erb
  Rendering contact/index.html.erb within layouts/application
  Rendered contact/index.html.erb within layouts/application (Duration: 1.0ms | Allocations: 773)
  Rendered layout layouts/application.html.erb (Duration: 5.5ms | Allocations: 3452)
Completed 200 OK in 7ms (Views: 6.8ms | ActiveRecord: 0.0ms | Allocations: 4310)


Started GET "/contact" for 127.0.0.1 at 2023-10-18 14:06:28 -0300
Processing by ContactController#index as HTML
  Rendering layout layouts/application.html.erb
  Rendering contact/index.html.erb within layouts/application
  Rendered contact/index.html.erb within layouts/application (Duration: 1.0ms | Allocations: 774)
  Rendered layout layouts/application.html.erb (Duration: 12.5ms | Allocations: 6024)
Completed 200 OK in 15ms (Views: 14.5ms | ActiveRecord: 0.0ms | Allocations: 6881)


Started GET "/contact" for 127.0.0.1 at 2023-10-18 14:06:51 -0300
Processing by ContactController#index as HTML
  Rendering layout layouts/application.html.erb
  Rendering contact/index.html.erb within layouts/application
  Rendered contact/index.html.erb within layouts/application (Duration: 0.7ms | Allocations: 584)
  Rendered layout layouts/application.html.erb (Duration: 7.2ms | Allocations: 5450)
Completed 200 OK in 8ms (Views: 7.7ms | ActiveRecord: 0.0ms | Allocations: 5708)


Started GET "/contact" for 127.0.0.1 at 2023-10-18 14:08:06 -0300
Processing by ContactController#index as HTML
  Rendering layout layouts/application.html.erb
  Rendering contact/index.html.erb within layouts/application
  Rendered contact/index.html.erb within layouts/application (Duration: 1.9ms | Allocations: 773)
  Rendered layout layouts/application.html.erb (Duration: 7.9ms | Allocations: 3473)
Completed 200 OK in 10ms (Views: 9.7ms | Allocations: 4329)


Started GET "/" for 127.0.0.1 at 2023-10-18 14:08:07 -0300
Processing by PagesController#index as HTML
  Rendering layout layouts/application.html.erb
  Rendering pages/index.html.erb within layouts/application
  Rendered pages/index.html.erb within layouts/application (Duration: 0.6ms | Allocations: 296)
  Rendered layout layouts/application.html.erb (Duration: 2.9ms | Allocations: 2860)
Completed 200 OK in 5ms (Views: 4.2ms | Allocations: 3444)


Started GET "/projects" for 127.0.0.1 at 2023-10-18 14:08:12 -0300
Processing by ProjectsController#index as HTML
  Rendering layout layouts/application.html.erb
  Rendering projects/index.html.erb within layouts/application
  Rendered projects/index.html.erb within layouts/application (Duration: 5.1ms | Allocations: 1649)
  Rendered layout layouts/application.html.erb (Duration: 8.0ms | Allocations: 4063)
Completed 200 OK in 9ms (Views: 9.1ms | Allocations: 4654)


Started GET "/contact" for 127.0.0.1 at 2023-10-18 14:08:16 -0300
Processing by ContactController#index as HTML
  Rendering layout layouts/application.html.erb
  Rendering contact/index.html.erb within layouts/application
  Rendered contact/index.html.erb within layouts/application (Duration: 1.3ms | Allocations: 584)
  Rendered layout layouts/application.html.erb (Duration: 3.5ms | Allocations: 2962)
Completed 200 OK in 4ms (Views: 4.0ms | Allocations: 3224)


Started GET "/" for 127.0.0.1 at 2023-10-18 14:08:20 -0300
Processing by PagesController#index as HTML
  Rendering layout layouts/application.html.erb
  Rendering pages/index.html.erb within layouts/application
  Rendered pages/index.html.erb within layouts/application (Duration: 0.1ms | Allocations: 98)
  Rendered layout layouts/application.html.erb (Duration: 2.2ms | Allocations: 2554)
Completed 200 OK in 3ms (Views: 2.5ms | Allocations: 2815)


Started GET "/" for 127.0.0.1 at 2023-10-18 14:10:00 -0300
Processing by PagesController#index as HTML
  Rendering layout layouts/application.html.erb
  Rendering pages/index.html.erb within layouts/application
  Rendered pages/index.html.erb within layouts/application (Duration: 1.0ms | Allocations: 293)
  Rendered layout layouts/application.html.erb (Duration: 4.7ms | Allocations: 3185)
Completed 200 OK in 7ms (Views: 6.6ms | Allocations: 3834)


Started GET "/_" for 127.0.0.1 at 2023-10-18 14:10:01 -0300
  
ActionController::RoutingError (No route matches [GET] "/_"):
  
Started GET "/" for 127.0.0.1 at 2023-10-18 14:10:04 -0300
Processing by PagesController#index as HTML
  Rendering layout layouts/application.html.erb
  Rendering pages/index.html.erb within layouts/application
  Rendered pages/index.html.erb within layouts/application (Duration: 0.1ms | Allocations: 98)
  Rendered layout layouts/application.html.erb (Duration: 3.8ms | Allocations: 2624)
Completed 200 OK in 6ms (Views: 5.7ms | Allocations: 2884)


Started GET "/" for 127.0.0.1 at 2023-10-18 14:10:07 -0300
Processing by PagesController#index as HTML
  Rendering layout layouts/application.html.erb
  Rendering pages/index.html.erb within layouts/application
  Rendered pages/index.html.erb within layouts/application (Duration: 0.1ms | Allocations: 98)
  Rendered layout layouts/application.html.erb (Duration: 2.0ms | Allocations: 2593)
Completed 200 OK in 3ms (Views: 2.3ms | Allocations: 2852)


Started GET "/" for 127.0.0.1 at 2023-10-18 14:10:09 -0300
Processing by PagesController#index as HTML
  Rendering layout layouts/application.html.erb
  Rendering pages/index.html.erb within layouts/application
  Rendered pages/index.html.erb within layouts/application (Duration: 0.2ms | Allocations: 98)
  Rendered layout layouts/application.html.erb (Duration: 4.3ms | Allocations: 2596)
Completed 200 OK in 8ms (Views: 6.8ms | Allocations: 2855)


Started GET "/projects" for 127.0.0.1 at 2023-10-18 14:10:09 -0300
Processing by ProjectsController#index as HTML
  Rendering layout layouts/application.html.erb
  Rendering projects/index.html.erb within layouts/application
  Rendered projects/index.html.erb within layouts/application (Duration: 1.5ms | Allocations: 1648)
  Rendered layout layouts/application.html.erb (Duration: 3.2ms | Allocations: 4064)
Completed 200 OK in 5ms (Views: 4.3ms | Allocations: 4653)


Started GET "/" for 127.0.0.1 at 2023-10-18 14:10:10 -0300
Processing by PagesController#index as HTML
  Rendering layout layouts/application.html.erb
  Rendering pages/index.html.erb within layouts/application
  Rendered pages/index.html.erb within layouts/application (Duration: 0.2ms | Allocations: 98)
  Rendered layout layouts/application.html.erb (Duration: 2.3ms | Allocations: 2575)
Completed 200 OK in 3ms (Views: 2.8ms | Allocations: 2835)


Started GET "/" for 127.0.0.1 at 2023-10-18 14:11:14 -0300
Processing by PagesController#index as HTML
  Rendering layout layouts/application.html.erb
  Rendering pages/index.html.erb within layouts/application
  Rendered pages/index.html.erb within layouts/application (Duration: 1.0ms | Allocations: 288)
  Rendered layout layouts/application.html.erb (Duration: 12.0ms | Allocations: 3183)
Completed 200 OK in 15ms (Views: 14.6ms | Allocations: 3831)


Started GET "/" for 127.0.0.1 at 2023-10-18 14:11:15 -0300
Processing by PagesController#index as HTML
  Rendering layout layouts/application.html.erb
  Rendering pages/index.html.erb within layouts/application
  Rendered pages/index.html.erb within layouts/application (Duration: 0.1ms | Allocations: 98)
  Rendered layout layouts/application.html.erb (Duration: 2.4ms | Allocations: 2587)
Completed 200 OK in 3ms (Views: 2.9ms | Allocations: 2847)


Started GET "/projects" for 127.0.0.1 at 2023-10-18 14:11:17 -0300
Processing by ProjectsController#index as HTML
  Rendering layout layouts/application.html.erb
  Rendering projects/index.html.erb within layouts/application
  Rendered projects/index.html.erb within layouts/application (Duration: 1.7ms | Allocations: 1636)
  Rendered layout layouts/application.html.erb (Duration: 3.5ms | Allocations: 4061)
Completed 200 OK in 5ms (Views: 4.8ms | Allocations: 4652)


Started GET "/contact" for 127.0.0.1 at 2023-10-18 14:11:17 -0300
Processing by ContactController#index as HTML
  Rendering layout layouts/application.html.erb
  Rendering contact/index.html.erb within layouts/application
  Rendered contact/index.html.erb within layouts/application (Duration: 1.2ms | Allocations: 772)
  Rendered layout layouts/application.html.erb (Duration: 2.9ms | Allocations: 3191)
Completed 200 OK in 4ms (Views: 4.0ms | Allocations: 3776)


Started GET "/" for 127.0.0.1 at 2023-10-18 14:11:18 -0300
Processing by PagesController#index as HTML
  Rendering layout layouts/application.html.erb
  Rendering pages/index.html.erb within layouts/application
  Rendered pages/index.html.erb within layouts/application (Duration: 0.1ms | Allocations: 98)
  Rendered layout layouts/application.html.erb (Duration: 2.4ms | Allocations: 2584)
Completed 200 OK in 3ms (Views: 2.8ms | Allocations: 2845)


Started GET "/projects" for 127.0.0.1 at 2023-10-18 14:11:19 -0300
Processing by ProjectsController#index as HTML
  Rendering layout layouts/application.html.erb
  Rendering projects/index.html.erb within layouts/application
  Rendered projects/index.html.erb within layouts/application (Duration: 2.3ms | Allocations: 1334)
  Rendered layout layouts/application.html.erb (Duration: 8.2ms | Allocations: 3710)
Completed 200 OK in 10ms (Views: 9.3ms | Allocations: 3971)


Started GET "/contact" for 127.0.0.1 at 2023-10-18 14:11:20 -0300
Processing by ContactController#index as HTML
  Rendering layout layouts/application.html.erb
  Rendering contact/index.html.erb within layouts/application
  Rendered contact/index.html.erb within layouts/application (Duration: 0.8ms | Allocations: 584)
  Rendered layout layouts/application.html.erb (Duration: 4.4ms | Allocations: 2963)
Completed 200 OK in 6ms (Views: 5.0ms | Allocations: 3223)


Started GET "/" for 127.0.0.1 at 2023-10-18 14:11:20 -0300
Processing by PagesController#index as HTML
  Rendering layout layouts/application.html.erb
  Rendering pages/index.html.erb within layouts/application
  Rendered pages/index.html.erb within layouts/application (Duration: 0.1ms | Allocations: 98)
  Rendered layout layouts/application.html.erb (Duration: 2.5ms | Allocations: 2578)
Completed 200 OK in 3ms (Views: 3.0ms | Allocations: 2838)


Started GET "/projects" for 127.0.0.1 at 2023-10-18 14:11:23 -0300
Processing by ProjectsController#index as HTML
  Rendering layout layouts/application.html.erb
  Rendering projects/index.html.erb within layouts/application
  Rendered projects/index.html.erb within layouts/application (Duration: 1.3ms | Allocations: 1334)
  Rendered layout layouts/application.html.erb (Duration: 5.4ms | Allocations: 3713)
Completed 200 OK in 7ms (Views: 6.1ms | Allocations: 3972)


Started GET "/" for 127.0.0.1 at 2023-10-18 14:11:23 -0300
Processing by PagesController#index as HTML
  Rendering layout layouts/application.html.erb
  Rendering pages/index.html.erb within layouts/application
  Rendered pages/index.html.erb within layouts/application (Duration: 0.2ms | Allocations: 98)
  Rendered layout layouts/application.html.erb (Duration: 8.2ms | Allocations: 2606)
Completed 200 OK in 11ms (Views: 9.1ms | Allocations: 2867)


Started GET "/" for 127.0.0.1 at 2023-10-18 14:12:32 -0300
Processing by PagesController#index as HTML
  Rendering layout layouts/application.html.erb
  Rendering pages/index.html.erb within layouts/application
  Rendered pages/index.html.erb within layouts/application (Duration: 0.8ms | Allocations: 293)
  Rendered layout layouts/application.html.erb (Duration: 9.9ms | Allocations: 3168)
Completed 200 OK in 13ms (Views: 13.1ms | Allocations: 3818)


Started GET "/" for 127.0.0.1 at 2023-10-18 14:12:34 -0300
Processing by PagesController#index as HTML
  Rendering layout layouts/application.html.erb
  Rendering pages/index.html.erb within layouts/application
  Rendered pages/index.html.erb within layouts/application (Duration: 0.1ms | Allocations: 98)
  Rendered layout layouts/application.html.erb (Duration: 2.7ms | Allocations: 2589)
Completed 200 OK in 3ms (Views: 3.1ms | Allocations: 2850)


Started GET "/projects" for 127.0.0.1 at 2023-10-18 14:12:35 -0300
Processing by ProjectsController#index as HTML
  Rendering layout layouts/application.html.erb
  Rendering projects/index.html.erb within layouts/application
  Rendered projects/index.html.erb within layouts/application (Duration: 1.8ms | Allocations: 1649)
  Rendered layout layouts/application.html.erb (Duration: 3.9ms | Allocations: 4037)
Completed 200 OK in 5ms (Views: 4.8ms | Allocations: 4626)


Started GET "/contact" for 127.0.0.1 at 2023-10-18 14:12:35 -0300
Processing by ContactController#index as HTML
  Rendering layout layouts/application.html.erb
  Rendering contact/index.html.erb within layouts/application
  Rendered contact/index.html.erb within layouts/application (Duration: 1.4ms | Allocations: 772)
  Rendered layout layouts/application.html.erb (Duration: 3.4ms | Allocations: 3157)
Completed 200 OK in 5ms (Views: 4.7ms | Allocations: 3742)


Started GET "/_" for 127.0.0.1 at 2023-10-18 14:12:36 -0300
  
ActionController::RoutingError (No route matches [GET] "/_"):
  
Started GET "/_" for 127.0.0.1 at 2023-10-18 14:12:38 -0300
  
ActionController::RoutingError (No route matches [GET] "/_"):
  
Started GET "/contact" for 127.0.0.1 at 2023-10-18 14:12:42 -0300
Processing by ContactController#index as HTML
  Rendering layout layouts/application.html.erb
  Rendering contact/index.html.erb within layouts/application
  Rendered contact/index.html.erb within layouts/application (Duration: 2.7ms | Allocations: 595)
  Rendered layout layouts/application.html.erb (Duration: 5.7ms | Allocations: 2962)
Completed 200 OK in 7ms (Views: 6.3ms | Allocations: 3222)


Started GET "/_" for 127.0.0.1 at 2023-10-18 14:12:43 -0300
  
ActionController::RoutingError (No route matches [GET] "/_"):
  
Started GET "/_" for 127.0.0.1 at 2023-10-18 14:12:46 -0300
  
ActionController::RoutingError (No route matches [GET] "/_"):
  
Started GET "/" for 127.0.0.1 at 2023-10-18 14:12:49 -0300
Processing by PagesController#index as HTML
  Rendering layout layouts/application.html.erb
  Rendering pages/index.html.erb within layouts/application
  Rendered pages/index.html.erb within layouts/application (Duration: 0.1ms | Allocations: 98)
  Rendered layout layouts/application.html.erb (Duration: 3.3ms | Allocations: 2585)
Completed 200 OK in 4ms (Views: 3.8ms | Allocations: 2844)


Started GET "/" for 127.0.0.1 at 2023-10-18 14:12:57 -0300
Processing by PagesController#index as HTML
  Rendering layout layouts/application.html.erb
  Rendering pages/index.html.erb within layouts/application
  Rendered pages/index.html.erb within layouts/application (Duration: 0.5ms | Allocations: 288)
  Rendered layout layouts/application.html.erb (Duration: 2.7ms | Allocations: 3167)
Completed 200 OK in 4ms (Views: 3.8ms | Allocations: 3815)


Started GET "/" for 127.0.0.1 at 2023-10-18 14:13:00 -0300
Processing by PagesController#index as HTML
  Rendering layout layouts/application.html.erb
  Rendering pages/index.html.erb within layouts/application
  Rendered pages/index.html.erb within layouts/application (Duration: 0.1ms | Allocations: 98)
  Rendered layout layouts/application.html.erb (Duration: 2.2ms | Allocations: 2584)
Completed 200 OK in 3ms (Views: 2.6ms | Allocations: 2844)


Started GET "/projects" for 127.0.0.1 at 2023-10-18 14:13:00 -0300
Processing by ProjectsController#index as HTML
  Rendering layout layouts/application.html.erb
  Rendering projects/index.html.erb within layouts/application
  Rendered projects/index.html.erb within layouts/application (Duration: 1.4ms | Allocations: 1648)
  Rendered layout layouts/application.html.erb (Duration: 3.0ms | Allocations: 4045)
Completed 200 OK in 4ms (Views: 4.0ms | Allocations: 4634)


Started GET "/contact" for 127.0.0.1 at 2023-10-18 14:13:01 -0300
Processing by ContactController#index as HTML
  Rendering layout layouts/application.html.erb
  Rendering contact/index.html.erb within layouts/application
  Rendered contact/index.html.erb within layouts/application (Duration: 1.2ms | Allocations: 772)
  Rendered layout layouts/application.html.erb (Duration: 2.9ms | Allocations: 3160)
Completed 200 OK in 5ms (Views: 4.1ms | Allocations: 3744)


Started GET "/" for 127.0.0.1 at 2023-10-18 14:13:02 -0300
Processing by PagesController#index as HTML
  Rendering layout layouts/application.html.erb
  Rendering pages/index.html.erb within layouts/application
  Rendered pages/index.html.erb within layouts/application (Duration: 0.2ms | Allocations: 98)
  Rendered layout layouts/application.html.erb (Duration: 3.4ms | Allocations: 2594)
Completed 200 OK in 4ms (Views: 4.0ms | Allocations: 2857)


Started GET "/" for 127.0.0.1 at 2023-10-18 14:13:07 -0300
Processing by PagesController#index as HTML
  Rendering layout layouts/application.html.erb
  Rendering pages/index.html.erb within layouts/application
  Rendered pages/index.html.erb within layouts/application (Duration: 0.2ms | Allocations: 98)
  Rendered layout layouts/application.html.erb (Duration: 6.4ms | Allocations: 2586)
Completed 200 OK in 7ms (Views: 7.0ms | Allocations: 2845)


